{"obj": {"type": "AssignString", "path": ["sys", "name"], "value": "jw000_sample_spec"}, "version": 1, "at": 1721057517.1784697}
{"obj": {"type": "AssignString", "path": ["sys", "description"], "value": ""}, "version": 2, "at": 1721057517.1790845}
{"obj": {"type": "AssignString", "path": ["monitoring", "28b35f46", "hostname"], "value": "Latitude"}, "version": 3, "at": 1721057517.1794257}
{"obj": {"type": "AssignString", "path": ["sys", "hostname"], "value": "Latitude"}, "version": 4, "at": 1721057517.179682}
{"obj": {"type": "AssignString", "path": ["monitoring", "28b35f46", "pid"], "value": "301161"}, "version": 5, "at": 1721057517.1799173}
{"obj": {"type": "AssignString", "path": ["monitoring", "28b35f46", "tid"], "value": "127770059264000"}, "version": 6, "at": 1721057517.1801474}
{"obj": {"type": "AddStrings", "path": ["sys", "tags"], "values": ["jw000_sample_spec", "angry_goldstine"]}, "version": 7, "at": 1721057517.1803863}
{"obj": {"type": "AssignBool", "path": ["sys", "failed"], "value": false}, "version": 8, "at": 1721057517.1805933}
{"obj": {"type": "ClearStringLog", "path": ["monitoring", "28b35f46", "stdout"]}, "version": 9, "at": 1721057517.1808348}
{"obj": {"type": "ClearStringLog", "path": ["monitoring", "28b35f46", "stderr"]}, "version": 10, "at": 1721057517.181034}
{"obj": {"type": "AssignString", "path": ["source_code", "entrypoint"], "value": "mrun.py"}, "version": 11, "at": 1721057517.182098}
{"obj": {"type": "UploadFileSet", "path": ["source_code", "files"], "file_globs": ["/home/joanna.wojciechowska/Desktop/D4L-Hackaton/mrun.py"], "reset": "False"}, "version": 12, "at": 1721057517.182401}
{"obj": {"type": "UploadFile", "path": ["source_code", "diff"], "ext": "patch", "file_path": null, "tmp_file_name": "source_code_diff-1721057517.202244-2024-07-15_17.31.57.202244.patch", "clean_after_upload": false}, "version": 13, "at": 1721057517.2027225}
{"obj": {"type": "LogStrings", "path": ["monitoring", "28b35f46", "stdout"], "values": [{"value": "[neptune] [warning] Info (NVML): NVML Shared Library Not Found. GPU usage metrics may not be reported. For more information, see https://docs.neptune.ai/help/nvml_error/\n", "step": null, "ts": 1721057517.2158089}]}, "version": 14, "at": 1721057517.2158916}
{"obj": {"type": "ConfigFloatSeries", "path": ["monitoring", "28b35f46", "cpu"], "min": 0.0, "max": 100.0, "unit": "%"}, "version": 15, "at": 1721057517.2168481}
{"obj": {"type": "ClearFloatLog", "path": ["monitoring", "28b35f46", "cpu"]}, "version": 16, "at": 1721057517.2169816}
{"obj": {"type": "ConfigFloatSeries", "path": ["monitoring", "28b35f46", "memory"], "min": 0.0, "max": 15.30124282836914, "unit": "GB"}, "version": 17, "at": 1721057517.2171643}
{"obj": {"type": "ClearFloatLog", "path": ["monitoring", "28b35f46", "memory"]}, "version": 18, "at": 1721057517.2172525}
{"obj": {"type": "AssignString", "path": ["parameters", "ex"], "value": "specs/jw/jw000_sample_spec.py"}, "version": 19, "at": 1721057517.218883}
{"obj": {"type": "AssignString", "path": ["parameters", "method"], "value": "omivae"}, "version": 20, "at": 1721057517.2194052}
{"obj": {"type": "AssignString", "path": ["parameters", "mode"], "value": "train"}, "version": 21, "at": 1721057517.2200582}
{"obj": {"type": "AssignInt", "path": ["parameters", "cv_seed"], "value": 42}, "version": 22, "at": 1721057517.2204978}
{"obj": {"type": "AssignInt", "path": ["parameters", "n_folds"], "value": 5}, "version": 23, "at": 1721057517.2207108}
{"obj": {"type": "AssignInt", "path": ["parameters", "subsample_frac"], "value": 1}, "version": 24, "at": 1721057517.223904}
{"obj": {"type": "AssignBool", "path": ["parameters", "retrain"], "value": true}, "version": 25, "at": 1721057517.2242823}
{"obj": {"type": "AssignBool", "path": ["parameters", "neptune_logger"], "value": false}, "version": 26, "at": 1721057517.2244937}
{"obj": {"type": "AssignBool", "path": ["parameters", "plus_iid_holdout"], "value": false}, "version": 27, "at": 1721057517.2248244}
{"obj": {"type": "AssignString", "path": ["parameters", "data_normalization"], "value": "standarize"}, "version": 28, "at": 1721057517.2253513}
{"obj": {"type": "AssignBool", "path": ["parameters", "remove_batch_effect"], "value": true}, "version": 29, "at": 1721057517.2255442}
{"obj": {"type": "AssignInt", "path": ["parameters", "target_hierarchy_level"], "value": -1}, "version": 30, "at": 1721057517.2257314}
{"obj": {"type": "AssignFloat", "path": ["parameters", "lr"], "value": 0.001}, "version": 31, "at": 1721057517.2259429}
{"obj": {"type": "AssignInt", "path": ["parameters", "batch_size"], "value": 128}, "version": 32, "at": 1721057517.226143}
{"obj": {"type": "AssignString", "path": ["parameters", "model_name"], "value": "OmiAE"}, "version": 33, "at": 1721057517.2263353}
{"obj": {"type": "AssignInt", "path": ["parameters", "log_every_n_steps"], "value": 1}, "version": 34, "at": 1721057517.2265134}
{"obj": {"type": "AssignInt", "path": ["parameters", "max_epochs"], "value": 10}, "version": 35, "at": 1721057517.2266881}
{"obj": {"type": "AssignBool", "path": ["parameters", "early_stopping"], "value": true}, "version": 36, "at": 1721057517.2268803}
{"obj": {"type": "AssignFloat", "path": ["parameters", "early_stopping_delta"], "value": 0.001}, "version": 37, "at": 1721057517.2270749}
{"obj": {"type": "AssignInt", "path": ["parameters", "early_stopping_patience"], "value": 5}, "version": 38, "at": 1721057517.2272532}
{"obj": {"type": "AssignInt", "path": ["parameters", "hidden_dim"], "value": 128}, "version": 39, "at": 1721057517.2274308}
{"obj": {"type": "AssignInt", "path": ["parameters", "encoder_hidden_dim"], "value": 128}, "version": 40, "at": 1721057517.2276132}
{"obj": {"type": "AssignInt", "path": ["parameters", "encoder_out_dim"], "value": 32}, "version": 41, "at": 1721057517.2277935}
{"obj": {"type": "AssignInt", "path": ["parameters", "latent_dim"], "value": 16}, "version": 42, "at": 1721057517.2279677}
{"obj": {"type": "AssignInt", "path": ["parameters", "decoder_hidden_dim"], "value": 128}, "version": 43, "at": 1721057517.2281373}
{"obj": {"type": "AssignBool", "path": ["parameters", "batch_norm"], "value": false}, "version": 44, "at": 1721057517.2283087}
{"obj": {"type": "AssignFloat", "path": ["parameters", "dropout_rate"], "value": 0.1}, "version": 45, "at": 1721057517.2284842}
{"obj": {"type": "AssignInt", "path": ["parameters", "recon_loss_coef"], "value": 1}, "version": 46, "at": 1721057517.2286577}
{"obj": {"type": "AssignFloat", "path": ["parameters", "kld_loss_coef"], "value": 0.1}, "version": 47, "at": 1721057517.2288313}
{"obj": {"type": "AssignString", "path": ["parameters", "gex_modality_name"], "value": "GEX"}, "version": 48, "at": 1721057517.2290215}
{"obj": {"type": "AssignInt", "path": ["parameters", "gex_dim"], "value": 13953}, "version": 49, "at": 1721057517.2292068}
{"obj": {"type": "AssignString", "path": ["parameters", "adt_modality_name"], "value": "ADT"}, "version": 50, "at": 1721057517.2293894}
{"obj": {"type": "AssignInt", "path": ["parameters", "adt_dim"], "value": 134}, "version": 51, "at": 1721057517.2295597}
{"obj": {"type": "LogFloats", "path": ["monitoring", "28b35f46", "memory"], "values": [{"value": 6.298862457275391, "step": null, "ts": 1721057517.2177076}]}, "version": 52, "at": 1721057517.2328439}
{"obj": {"type": "LogStrings", "path": ["monitoring", "28b35f46", "stderr"], "values": [{"value": "[neptune] [warning] /home/joanna.wojciechowska/.local/lib/python3.10/site-packages/mrunner/helpers/client_helper.py:171: NeptuneUnsupportedType: You're attempting to log a type that is not directly supported by Neptune (<class 'NoneType'>).\n        Convert the value to a supported type, such as a string or float, or use stringify_unsupported(obj)\n        for dictionaries or collections that contain unsupported values.\n        For more, see https://docs.neptune.ai/help/value_of_unsupported_type\n", "step": null, "ts": 1721057517.2331314}]}, "version": 53, "at": 1721057517.233202}
{"obj": {"type": "AssignString", "path": ["properties", "PWD"], "value": "/home/joanna.wojciechowska/Desktop/D4L-Hackaton"}, "version": 54, "at": 1721057517.233696}
{"obj": {"type": "AssignString", "path": ["properties", "OLDPWD"], "value": "/home/joanna.wojciechowska/Desktop/D4L-Hackaton/src"}, "version": 55, "at": 1721057517.2339237}
{"obj": {"type": "LogStrings", "path": ["monitoring", "28b35f46", "stderr"], "values": [{"value": "[neptune] [warning] /home/joanna.wojciechowska/.local/lib/python3.10/site-packages/mrunner/helpers/client_helper.py:171: NeptuneUnsupportedType: You're attempting to log a type that is not directly supported by Neptune (<class 'list'>).\n        Convert the value to a supported type, such as a string or float, or use stringify_unsupported(obj)\n        for dictionaries or collections that contain unsupported values.\n        For more, see https://docs.neptune.ai/help/value_of_unsupported_type\n", "step": null, "ts": 1721057517.2341282}]}, "version": 56, "at": 1721057517.234199}
{"obj": {"type": "LogFloats", "path": ["monitoring", "28b35f46", "cpu"], "values": [{"value": 12.6, "step": null, "ts": 1721057527.2332673}]}, "version": 57, "at": 1721057527.2337413}
{"obj": {"type": "LogFloats", "path": ["monitoring", "28b35f46", "memory"], "values": [{"value": 7.612335205078125, "step": null, "ts": 1721057527.2332673}]}, "version": 58, "at": 1721057527.2339294}
{"obj": {"type": "LogStrings", "path": ["monitoring", "28b35f46", "stderr"], "values": [{"value": "/home/joanna.wojciechowska/.local/lib/python3.10/site-packages/anndata/_core/anndata.py:1820: UserWarning: Variable names are not unique. To make them unique, call `.var_names_make_unique`.\n  utils.warn_names_duplicates(\"var\")\n", "step": null, "ts": 1721057533.3075163}]}, "version": 59, "at": 1721057533.3075678}
{"obj": {"type": "LogFloats", "path": ["monitoring", "28b35f46", "cpu"], "values": [{"value": 14.4, "step": null, "ts": 1721057537.2342136}]}, "version": 60, "at": 1721057537.235155}
{"obj": {"type": "LogFloats", "path": ["monitoring", "28b35f46", "memory"], "values": [{"value": 8.54522705078125, "step": null, "ts": 1721057537.2342136}]}, "version": 61, "at": 1721057537.2354698}
{"obj": {"type": "LogFloats", "path": ["monitoring", "28b35f46", "cpu"], "values": [{"value": 16.7, "step": null, "ts": 1721057547.2356966}]}, "version": 62, "at": 1721057547.2361495}
{"obj": {"type": "LogFloats", "path": ["monitoring", "28b35f46", "memory"], "values": [{"value": 9.429275512695312, "step": null, "ts": 1721057547.2356966}]}, "version": 63, "at": 1721057547.236341}
{"obj": {"type": "LogStrings", "path": ["monitoring", "28b35f46", "stderr"], "values": [{"value": "/home/joanna.wojciechowska/.local/lib/python3.10/site-packages/anndata/_core/anndata.py:1820: UserWarning: Variable names are not unique. To make them unique, call `.var_names_make_unique`.\n  utils.warn_names_duplicates(\"var\")\n", "step": null, "ts": 1721057556.286663}]}, "version": 64, "at": 1721057556.2867184}
{"obj": {"type": "LogFloats", "path": ["monitoring", "28b35f46", "cpu"], "values": [{"value": 10.9, "step": null, "ts": 1721057557.2366922}]}, "version": 65, "at": 1721057557.2377093}
{"obj": {"type": "LogFloats", "path": ["monitoring", "28b35f46", "memory"], "values": [{"value": 10.583992004394531, "step": null, "ts": 1721057557.2366922}]}, "version": 66, "at": 1721057557.238135}
